Using pre-set license
Built from '2022.3/release' branch; Version is '2022.3.5f1 (9674261d40ee) revision 9860134'; Using compiler version '192829333'; Build Type 'Release'
OS: 'Windows 11  (10.0.22621) 64bit Professional' Language: 'en' Physical Memory: 16185 MB
BatchMode: 1, IsHumanControllingUs: 0, StartBugReporterOnCrash: 0, Is64bit: 1, IsPro: 1

COMMAND LINE ARGUMENTS:
C:\Program Files\Unity\Hub\Editor\2022.3.5f1\Editor\Unity.exe
-adb2
-batchMode
-noUpm
-name
AssetImportWorker0
-projectPath
C:/Users/G00275594/Documents/GitHub/08-lightingsound-IanMancuso
-logFile
Logs/AssetImportWorker0.log
-srvPort
54712
Successfully changed project path to: C:/Users/G00275594/Documents/GitHub/08-lightingsound-IanMancuso
C:/Users/G00275594/Documents/GitHub/08-lightingsound-IanMancuso
[UnityMemory] Configuration Parameters - Can be set up in boot.config
    "memorysetup-bucket-allocator-granularity=16"
    "memorysetup-bucket-allocator-bucket-count=8"
    "memorysetup-bucket-allocator-block-size=33554432"
    "memorysetup-bucket-allocator-block-count=8"
    "memorysetup-main-allocator-block-size=16777216"
    "memorysetup-thread-allocator-block-size=16777216"
    "memorysetup-gfx-main-allocator-block-size=16777216"
    "memorysetup-gfx-thread-allocator-block-size=16777216"
    "memorysetup-cache-allocator-block-size=4194304"
    "memorysetup-typetree-allocator-block-size=2097152"
    "memorysetup-profiler-bucket-allocator-granularity=16"
    "memorysetup-profiler-bucket-allocator-bucket-count=8"
    "memorysetup-profiler-bucket-allocator-block-size=33554432"
    "memorysetup-profiler-bucket-allocator-block-count=8"
    "memorysetup-profiler-allocator-block-size=16777216"
    "memorysetup-profiler-editor-allocator-block-size=1048576"
    "memorysetup-temp-allocator-size-main=16777216"
    "memorysetup-job-temp-allocator-block-size=2097152"
    "memorysetup-job-temp-allocator-block-size-background=1048576"
    "memorysetup-job-temp-allocator-reduction-small-platforms=262144"
    "memorysetup-allocator-temp-initial-block-size-main=262144"
    "memorysetup-allocator-temp-initial-block-size-worker=262144"
    "memorysetup-temp-allocator-size-background-worker=32768"
    "memorysetup-temp-allocator-size-job-worker=262144"
    "memorysetup-temp-allocator-size-preload-manager=33554432"
    "memorysetup-temp-allocator-size-nav-mesh-worker=65536"
    "memorysetup-temp-allocator-size-audio-worker=65536"
    "memorysetup-temp-allocator-size-cloud-worker=32768"
    "memorysetup-temp-allocator-size-gi-baking-worker=262144"
    "memorysetup-temp-allocator-size-gfx=262144"
Player connection [19056] Host "[IP] 172.25.68.149 [Port] 0 [Flags] 2 [Guid] 3166095563 [EditorId] 3166095563 [Version] 1048832 [Id] WindowsEditor(7,W213-17) [Debug] 1 [PackageName] WindowsEditor [ProjectName] Editor" joined multi-casting on [225.0.0.222:54997]...

Player connection [19056] Host "[IP] 172.25.68.149 [Port] 0 [Flags] 2 [Guid] 3166095563 [EditorId] 3166095563 [Version] 1048832 [Id] WindowsEditor(7,W213-17) [Debug] 1 [PackageName] WindowsEditor [ProjectName] Editor" joined alternative multi-casting on [225.0.0.222:34997]...

Refreshing native plugins compatible for Editor in 0.76 ms, found 0 plugins.
Preloading 0 native plugins for Editor in 0.00 ms.
Initialize engine version: 2022.3.5f1 (9674261d40ee)
[Subsystems] Discovering subsystems at path C:/Program Files/Unity/Hub/Editor/2022.3.5f1/Editor/Data/Resources/UnitySubsystems
[Subsystems] Discovering subsystems at path C:/Users/G00275594/Documents/GitHub/08-lightingsound-IanMancuso/Assets
GfxDevice: creating device client; threaded=0; jobified=0
Direct3D:
    Version:  Direct3D 11.0 [level 11.1]
    Renderer: NVIDIA GeForce RTX 3080 (ID=0x2206)
    Vendor:   NVIDIA
    VRAM:     10067 MB
    Driver:   31.0.15.2824
Initialize mono
Mono path[0] = 'C:/Program Files/Unity/Hub/Editor/2022.3.5f1/Editor/Data/Managed'
Mono path[1] = 'C:/Program Files/Unity/Hub/Editor/2022.3.5f1/Editor/Data/MonoBleedingEdge/lib/mono/unityjit-win32'
Mono config path = 'C:/Program Files/Unity/Hub/Editor/2022.3.5f1/Editor/Data/MonoBleedingEdge/etc'
Using monoOptions --debugger-agent=transport=dt_socket,embedding=1,server=y,suspend=n,address=127.0.0.1:56052
Begin MonoManager ReloadAssembly
Registering precompiled unity dll's ...
Register platform support module: C:/Program Files/Unity/Hub/Editor/2022.3.5f1/Editor/Data/PlaybackEngines/WebGLSupport/UnityEditor.WebGL.Extensions.dll
Register platform support module: C:/Program Files/Unity/Hub/Editor/2022.3.5f1/Editor/Data/PlaybackEngines/iOSSupport/UnityEditor.iOS.Extensions.dll
Register platform support module: C:/Program Files/Unity/Hub/Editor/2022.3.5f1/Editor/Data/PlaybackEngines/WindowsStandaloneSupport/UnityEditor.WindowsStandalone.Extensions.dll
Register platform support module: C:/Program Files/Unity/Hub/Editor/2022.3.5f1/Editor/Data/PlaybackEngines/MetroSupport/UnityEditor.UWP.Extensions.dll
Registered in 0.009904 seconds.
- Loaded All Assemblies, in  0.302 seconds
Native extension for UWP target not found
Native extension for WindowsStandalone target not found
[usbmuxd] Start listen thread
[usbmuxd] Listen thread started
Native extension for iOS target not found
Native extension for WebGL target not found
Mono: successfully reloaded assembly
- Finished resetting the current domain, in  0.247 seconds
Domain Reload Profiling: 548ms
	BeginReloadAssembly (76ms)
		ExecutionOrderSort (0ms)
		DisableScriptedObjects (0ms)
		BackupInstance (0ms)
		ReleaseScriptingObjects (0ms)
		CreateAndSetChildDomain (1ms)
	RebuildCommonClasses (30ms)
	RebuildNativeTypeToScriptingClass (10ms)
	initialDomainReloadingComplete (55ms)
	LoadAllAssembliesAndSetupDomain (130ms)
		LoadAssemblies (74ms)
		RebuildTransferFunctionScriptingTraits (0ms)
		AnalyzeDomain (125ms)
			TypeCache.Refresh (124ms)
				TypeCache.ScanAssembly (113ms)
			ScanForSourceGeneratedMonoScriptInfo (0ms)
			ResolveRequiredComponents (0ms)
	FinalizeReload (247ms)
		ReleaseScriptCaches (0ms)
		RebuildScriptCaches (0ms)
		SetupLoadedEditorAssemblies (195ms)
			LogAssemblyErrors (0ms)
			InitializePlatformSupportModulesInManaged (27ms)
			SetLoadedEditorAssemblies (5ms)
			RefreshPlugins (0ms)
			BeforeProcessingInitializeOnLoad (2ms)
			ProcessInitializeOnLoadAttributes (119ms)
			ProcessInitializeOnLoadMethodAttributes (42ms)
			AfterProcessingInitializeOnLoad (0ms)
			EditorAssembliesLoaded (0ms)
		ExecutionOrderSort2 (0ms)
		AwakeInstancesAfterBackupRestoration (0ms)
========================================================================
Worker process is ready to serve import requests
Begin MonoManager ReloadAssembly
- Loaded All Assemblies, in  0.452 seconds
Refreshing native plugins compatible for Editor in 0.57 ms, found 0 plugins.
Native extension for UWP target not found
Native extension for WindowsStandalone target not found
Native extension for iOS target not found
Native extension for WebGL target not found
Mono: successfully reloaded assembly
- Finished resetting the current domain, in  0.357 seconds
Domain Reload Profiling: 808ms
	BeginReloadAssembly (114ms)
		ExecutionOrderSort (0ms)
		DisableScriptedObjects (5ms)
		BackupInstance (0ms)
		ReleaseScriptingObjects (0ms)
		CreateAndSetChildDomain (19ms)
	RebuildCommonClasses (34ms)
	RebuildNativeTypeToScriptingClass (9ms)
	initialDomainReloadingComplete (33ms)
	LoadAllAssembliesAndSetupDomain (259ms)
		LoadAssemblies (149ms)
		RebuildTransferFunctionScriptingTraits (0ms)
		AnalyzeDomain (166ms)
			TypeCache.Refresh (153ms)
				TypeCache.ScanAssembly (139ms)
			ScanForSourceGeneratedMonoScriptInfo (10ms)
			ResolveRequiredComponents (4ms)
	FinalizeReload (358ms)
		ReleaseScriptCaches (0ms)
		RebuildScriptCaches (0ms)
		SetupLoadedEditorAssemblies (212ms)
			LogAssemblyErrors (0ms)
			InitializePlatformSupportModulesInManaged (21ms)
			SetLoadedEditorAssemblies (3ms)
			RefreshPlugins (0ms)
			BeforeProcessingInitializeOnLoad (36ms)
			ProcessInitializeOnLoadAttributes (115ms)
			ProcessInitializeOnLoadMethodAttributes (32ms)
			AfterProcessingInitializeOnLoad (5ms)
			EditorAssembliesLoaded (0ms)
		ExecutionOrderSort2 (0ms)
		AwakeInstancesAfterBackupRestoration (6ms)
Launched and connected shader compiler UnityShaderCompiler.exe after 0.05 seconds
Refreshing native plugins compatible for Editor in 0.54 ms, found 0 plugins.
Preloading 0 native plugins for Editor in 0.00 ms.
Unloading 1029 Unused Serialized files (Serialized files now loaded: 0)
Unloading 11 unused Assets / (49.9 KB). Loaded Objects now: 1505.
Memory consumption went from 74.4 MB to 74.4 MB.
Total: 3.101800 ms (FindLiveObjects: 0.172400 ms CreateObjectMapping: 0.096200 ms MarkObjects: 2.756300 ms  DeleteObjects: 0.075700 ms)

AssetImportParameters requested are different than current active one (requested -> active):
  custom:video-encoder-webm-vp8: eb34c28f22e8b96e1ab97ce403110664 -> 
  custom:video-decoder-webm-vp8: 9c59270c3fd7afecdb556c50c9e8de78 -> 
  custom:audio-decoder-ogg-vorbis: bf7c407c2cedff20999df2af8eb42d56 -> 
  custom:container-demuxer-ogg: 62fdf1f143b41e24485cea50d1cbac27 -> 
  custom:AudioImporter_EditorPlatform: d09bf68614088b80899f8185d706f6e7 -> 
  custom:container-demuxer-webm: 4f35f7cbe854078d1ac9338744f61a02 -> 
  custom:video-codec-MediaFoundation-h265: 746d11721c4dcdbdad8f713fa42b33f4 -> 
  custom:video-decoder-ogg-theora: a1e56fd34408186e4bbccfd4996cb3dc -> 
  custom:audio-encoder-webm-vorbis: bf7c407c2cedff20999df2af8eb42d56 -> 
  custom:framework-win-MediaFoundation: 216162199b28c13a410421893ffa2e32 -> 
  custom:container-muxer-webm: aa71ff27fc2769a1b78a27578f13a17b -> 
========================================================================
Received Import Request.
  Time since last request: 3003.526674 seconds.
  path: Assets/_Scenes/TempleScene.unity
  artifactKey: Guid(ad7e6ee00eb5f4bdaa07e9e44d1d9e2e) Importer(815301076,1909f56bfc062723c751e8b465ee728b)
Start importing Assets/_Scenes/TempleScene.unity using Guid(ad7e6ee00eb5f4bdaa07e9e44d1d9e2e) Importer(815301076,1909f56bfc062723c751e8b465ee728b)  -> (artifact id: '597475fc3e2ccb11196f72e6692e7fd8') in 0.003301 seconds
Number of updated asset objects reloaded before import = 0
Number of asset objects unloaded after import = 0
========================================================================
Received Import Request.
  Time since last request: 3500.088231 seconds.
  path: Assets/Models/Standard
  artifactKey: Guid(6bb90674198ae42619595785959dd34f) Importer(815301076,1909f56bfc062723c751e8b465ee728b)
Start importing Assets/Models/Standard using Guid(6bb90674198ae42619595785959dd34f) Importer(815301076,1909f56bfc062723c751e8b465ee728b)  -> (artifact id: '2fca5e16019611f34bbcdf692ccfe7db') in 0.000551 seconds
Number of updated asset objects reloaded before import = 0
Number of asset objects unloaded after import = 0
========================================================================
Received Import Request.
  Time since last request: 18.925671 seconds.
  path: Assets/Models/Standard/floor_03_plane.fbx
  artifactKey: Guid(b805345886b9349b0ac6afb2113a2c7a) Importer(815301076,1909f56bfc062723c751e8b465ee728b)
Start importing Assets/Models/Standard/floor_03_plane.fbx using Guid(b805345886b9349b0ac6afb2113a2c7a) Importer(815301076,1909f56bfc062723c751e8b465ee728b)  -> (artifact id: '4555e6b213b2ef417d1b69665e79378a') in 0.293702 seconds
Number of updated asset objects reloaded before import = 0
Number of asset objects unloaded after import = 9
========================================================================
Received Import Request.
  Time since last request: 0.947596 seconds.
  path: Assets/Models/Standard/floor_04.fbx
  artifactKey: Guid(3c0a3d0c2780a4d55b486559e5075fe8) Importer(815301076,1909f56bfc062723c751e8b465ee728b)
Start importing Assets/Models/Standard/floor_04.fbx using Guid(3c0a3d0c2780a4d55b486559e5075fe8) Importer(815301076,1909f56bfc062723c751e8b465ee728b)  -> (artifact id: '57c947f1202992767f0d28729335def2') in 0.043780 seconds
Number of updated asset objects reloaded before import = 0
Number of asset objects unloaded after import = 9
========================================================================
Received Import Request.
  Time since last request: 0.937950 seconds.
  path: Assets/Models/Standard/arch.fbx
  artifactKey: Guid(38000b18fcaf0463d876955f8856434a) Importer(815301076,1909f56bfc062723c751e8b465ee728b)
Start importing Assets/Models/Standard/arch.fbx using Guid(38000b18fcaf0463d876955f8856434a) Importer(815301076,1909f56bfc062723c751e8b465ee728b)  -> (artifact id: '7e0a9d350dca44afbfc9d2664da46b5c') in 0.044405 seconds
Number of updated asset objects reloaded before import = 0
Number of asset objects unloaded after import = 9
========================================================================
Received Import Request.
  Time since last request: 0.867881 seconds.
  path: Assets/Models/Standard/bone_01.fbx
  artifactKey: Guid(d14a7a59bfc09467491555dc69c1d152) Importer(815301076,1909f56bfc062723c751e8b465ee728b)
Start importing Assets/Models/Standard/bone_01.fbx using Guid(d14a7a59bfc09467491555dc69c1d152) Importer(815301076,1909f56bfc062723c751e8b465ee728b)  -> (artifact id: 'bf157ab102d3d935d8aea2cba7b1327e') in 0.029150 seconds
Number of updated asset objects reloaded before import = 0
Number of asset objects unloaded after import = 9
========================================================================
Received Import Request.
  Time since last request: 0.394243 seconds.
  path: Assets/Models/Standard/bone_02.fbx
  artifactKey: Guid(a93ef4d86e7b34188ae8f0894d410267) Importer(815301076,1909f56bfc062723c751e8b465ee728b)
Start importing Assets/Models/Standard/bone_02.fbx using Guid(a93ef4d86e7b34188ae8f0894d410267) Importer(815301076,1909f56bfc062723c751e8b465ee728b)  -> (artifact id: '67270e44ad91bd17fd840ef46dfcd2f7') in 0.055167 seconds
Number of updated asset objects reloaded before import = 0
Number of asset objects unloaded after import = 9
========================================================================
Received Import Request.
  Time since last request: 0.732338 seconds.
  path: Assets/Models/Standard/entrance.fbx
  artifactKey: Guid(2b2af3e1596eb42ff8bf06f03787fae8) Importer(815301076,1909f56bfc062723c751e8b465ee728b)
Start importing Assets/Models/Standard/entrance.fbx using Guid(2b2af3e1596eb42ff8bf06f03787fae8) Importer(815301076,1909f56bfc062723c751e8b465ee728b)  -> (artifact id: 'bb27e3fbe014a1e7aa0b92bb05bce58f') in 0.038878 seconds
Number of updated asset objects reloaded before import = 0
Number of asset objects unloaded after import = 9
========================================================================
Received Import Request.
  Time since last request: 0.218205 seconds.
  path: Assets/Models/Standard/floor_01.fbx
  artifactKey: Guid(bffccba9d5a1841c6a46a262528da625) Importer(815301076,1909f56bfc062723c751e8b465ee728b)
Start importing Assets/Models/Standard/floor_01.fbx using Guid(bffccba9d5a1841c6a46a262528da625) Importer(815301076,1909f56bfc062723c751e8b465ee728b)  -> (artifact id: '67f1279f20d539d5f8c8f241e47e37ac') in 0.046336 seconds
Number of updated asset objects reloaded before import = 0
Number of asset objects unloaded after import = 9
========================================================================
Received Import Request.
  Time since last request: 0.383398 seconds.
  path: Assets/Models/Standard/floor_01_plane.fbx
  artifactKey: Guid(c2c093a0e8f024f589036c9253ddc46a) Importer(815301076,1909f56bfc062723c751e8b465ee728b)
Start importing Assets/Models/Standard/floor_01_plane.fbx using Guid(c2c093a0e8f024f589036c9253ddc46a) Importer(815301076,1909f56bfc062723c751e8b465ee728b)  -> (artifact id: 'ddd92b61d704ec79f9a9db81905d5770') in 0.045123 seconds
Number of updated asset objects reloaded before import = 0
Number of asset objects unloaded after import = 9
========================================================================
Received Import Request.
  Time since last request: 3.162017 seconds.
  path: Assets/Models/Standard/floor_02.fbx
  artifactKey: Guid(9d1b46819be734c7c88ee95d244d784d) Importer(815301076,1909f56bfc062723c751e8b465ee728b)
Start importing Assets/Models/Standard/floor_02.fbx using Guid(9d1b46819be734c7c88ee95d244d784d) Importer(815301076,1909f56bfc062723c751e8b465ee728b)  -> (artifact id: '37a45902f20d39c278ebc3e5d3b7ae15') in 0.042208 seconds
Number of updated asset objects reloaded before import = 0
Number of asset objects unloaded after import = 9
========================================================================
Received Import Request.
  Time since last request: 353.177882 seconds.
  path: Assets/Models/Standard/house.fbx
  artifactKey: Guid(e6e49b02b719946449d7404a5055cff3) Importer(815301076,1909f56bfc062723c751e8b465ee728b)
Start importing Assets/Models/Standard/house.fbx using Guid(e6e49b02b719946449d7404a5055cff3) Importer(815301076,1909f56bfc062723c751e8b465ee728b)  -> (artifact id: '5da684e4728a74c06deba498f943ce11') in 0.080796 seconds
Number of updated asset objects reloaded before import = 0
Number of asset objects unloaded after import = 9
========================================================================
Received Import Request.
  Time since last request: 12.472495 seconds.
  path: Assets/Models/Standard/step_wall_corner_concave.fbx
  artifactKey: Guid(2b5891e84cddc409c85a645169b339d5) Importer(815301076,1909f56bfc062723c751e8b465ee728b)
Start importing Assets/Models/Standard/step_wall_corner_concave.fbx using Guid(2b5891e84cddc409c85a645169b339d5) Importer(815301076,1909f56bfc062723c751e8b465ee728b)  -> (artifact id: 'f8a942ec02faace94b62e7aa51bfe8d0') in 0.092644 seconds
Number of updated asset objects reloaded before import = 0
Number of asset objects unloaded after import = 9
========================================================================
Received Import Request.
  Time since last request: 2.098052 seconds.
  path: Assets/Models/Standard/step_wall_02.fbx
  artifactKey: Guid(065fbb5d7c88e42439d2030af1db0c7c) Importer(815301076,1909f56bfc062723c751e8b465ee728b)
Start importing Assets/Models/Standard/step_wall_02.fbx using Guid(065fbb5d7c88e42439d2030af1db0c7c) Importer(815301076,1909f56bfc062723c751e8b465ee728b)  -> (artifact id: 'ab1f3b15cb50d59a80016d698b4e395c') in 0.037063 seconds
Number of updated asset objects reloaded before import = 0
Number of asset objects unloaded after import = 9
========================================================================
Received Import Request.
  Time since last request: 2.227669 seconds.
  path: Assets/Models/Standard/step_wall_01.fbx
  artifactKey: Guid(2a51e8a3118af4e45b5ac4bf87fb0ad0) Importer(815301076,1909f56bfc062723c751e8b465ee728b)
Start importing Assets/Models/Standard/step_wall_01.fbx using Guid(2a51e8a3118af4e45b5ac4bf87fb0ad0) Importer(815301076,1909f56bfc062723c751e8b465ee728b)  -> (artifact id: '87ad8f56ce091dd8e1e9ae0c9ccea359') in 0.038455 seconds
Number of updated asset objects reloaded before import = 0
Number of asset objects unloaded after import = 9
========================================================================
Received Import Request.
  Time since last request: 3.140523 seconds.
  path: Assets/Models/Standard/wall_end.fbx
  artifactKey: Guid(48da00486848d47f08d01325eabfb275) Importer(815301076,1909f56bfc062723c751e8b465ee728b)
Start importing Assets/Models/Standard/wall_end.fbx using Guid(48da00486848d47f08d01325eabfb275) Importer(815301076,1909f56bfc062723c751e8b465ee728b)  -> (artifact id: '63e4c38a62b870674f9f9a4a6df89364') in 0.052403 seconds
Number of updated asset objects reloaded before import = 0
Number of asset objects unloaded after import = 9
========================================================================
Received Import Request.
  Time since last request: 2.037535 seconds.
  path: Assets/Models/Standard/wall_corner_x.fbx
  artifactKey: Guid(36539e02a0507486cba9d5438173567b) Importer(815301076,1909f56bfc062723c751e8b465ee728b)
Start importing Assets/Models/Standard/wall_corner_x.fbx using Guid(36539e02a0507486cba9d5438173567b) Importer(815301076,1909f56bfc062723c751e8b465ee728b)  -> (artifact id: 'cb051a8ccb37d5ac112d1b9d90d51d3a') in 0.012444 seconds
Number of updated asset objects reloaded before import = 0
Number of asset objects unloaded after import = 9
========================================================================
Received Import Request.
  Time since last request: 1.836259 seconds.
  path: Assets/Models/Standard/wall_01.fbx
  artifactKey: Guid(71ff3e134ec38457bb06fc08197a8c80) Importer(815301076,1909f56bfc062723c751e8b465ee728b)
Start importing Assets/Models/Standard/wall_01.fbx using Guid(71ff3e134ec38457bb06fc08197a8c80) Importer(815301076,1909f56bfc062723c751e8b465ee728b)  -> (artifact id: '6f351828a129d5f346fcc6cc415a0beb') in 0.013964 seconds
Number of updated asset objects reloaded before import = 0
Number of asset objects unloaded after import = 9
========================================================================
Received Import Request.
  Time since last request: 5.124777 seconds.
  path: Assets/Models/Standard/wall_02.fbx
  artifactKey: Guid(16168619851e64fc5975ecc5299dc7f1) Importer(815301076,1909f56bfc062723c751e8b465ee728b)
Start importing Assets/Models/Standard/wall_02.fbx using Guid(16168619851e64fc5975ecc5299dc7f1) Importer(815301076,1909f56bfc062723c751e8b465ee728b)  -> (artifact id: 'c998df08e0958076b7857553e546bae0') in 0.011460 seconds
Number of updated asset objects reloaded before import = 0
Number of asset objects unloaded after import = 9
========================================================================
Received Import Request.
  Time since last request: 48.392084 seconds.
  path: Assets/Models/Standard/wall_corner_convex.fbx
  artifactKey: Guid(ea5789618fa49471798ad19fab9919df) Importer(815301076,1909f56bfc062723c751e8b465ee728b)
Start importing Assets/Models/Standard/wall_corner_convex.fbx using Guid(ea5789618fa49471798ad19fab9919df) Importer(815301076,1909f56bfc062723c751e8b465ee728b)  -> (artifact id: '8a03aed9d023c859d076df7d775ecce4') in 0.044233 seconds
Number of updated asset objects reloaded before import = 0
Number of asset objects unloaded after import = 9
========================================================================
Received Import Request.
  Time since last request: 0.811207 seconds.
  path: Assets/Models/Standard/wall_corner_concave.fbx
  artifactKey: Guid(36f9e8e55a47340c588f1fb261d7df7f) Importer(815301076,1909f56bfc062723c751e8b465ee728b)
Start importing Assets/Models/Standard/wall_corner_concave.fbx using Guid(36f9e8e55a47340c588f1fb261d7df7f) Importer(815301076,1909f56bfc062723c751e8b465ee728b)  -> (artifact id: 'e028de872af968f37a41968ff488b002') in 0.039664 seconds
Number of updated asset objects reloaded before import = 0
Number of asset objects unloaded after import = 9
========================================================================
Received Prepare
Refreshing native plugins compatible for Editor in 0.45 ms, found 0 plugins.
Preloading 0 native plugins for Editor in 0.00 ms.
Unloading 0 Unused Serialized files (Serialized files now loaded: 0)
Unloading 1 unused Assets / (0.8 KB). Loaded Objects now: 1550.
Memory consumption went from 59.5 MB to 59.5 MB.
Total: 3.392300 ms (FindLiveObjects: 0.116800 ms CreateObjectMapping: 0.042900 ms MarkObjects: 3.210400 ms  DeleteObjects: 0.020700 ms)

Prepare: number of updated asset objects reloaded= 0
AssetImportParameters requested are different than current active one (requested -> active):
  custom:video-encoder-webm-vp8: eb34c28f22e8b96e1ab97ce403110664 -> 
  custom:video-decoder-webm-vp8: 9c59270c3fd7afecdb556c50c9e8de78 -> 
  custom:audio-decoder-ogg-vorbis: bf7c407c2cedff20999df2af8eb42d56 -> 
  custom:container-demuxer-ogg: 62fdf1f143b41e24485cea50d1cbac27 -> 
  custom:AudioImporter_EditorPlatform: d09bf68614088b80899f8185d706f6e7 -> 
  custom:CustomObjectIndexerAttribute: 756ad292c208cfabdd7b50bc23989ffe -> 
  custom:container-demuxer-webm: 4f35f7cbe854078d1ac9338744f61a02 -> 
  custom:video-codec-MediaFoundation-h265: 746d11721c4dcdbdad8f713fa42b33f4 -> 
  custom:video-decoder-ogg-theora: a1e56fd34408186e4bbccfd4996cb3dc -> 
  custom:audio-encoder-webm-vorbis: bf7c407c2cedff20999df2af8eb42d56 -> 
  custom:framework-win-MediaFoundation: 216162199b28c13a410421893ffa2e32 -> 
  custom:container-muxer-webm: aa71ff27fc2769a1b78a27578f13a17b -> 
========================================================================
Received Import Request.
  Time since last request: 952.320781 seconds.
  path: Assets/Models/Standard/skull_01.fbx
  artifactKey: Guid(2121dc750b06f476a96ed5f1d2e7d1bb) Importer(815301076,1909f56bfc062723c751e8b465ee728b)
Start importing Assets/Models/Standard/skull_01.fbx using Guid(2121dc750b06f476a96ed5f1d2e7d1bb) Importer(815301076,1909f56bfc062723c751e8b465ee728b)  -> (artifact id: '59e1968dfe50a8f93f12f85b8ac7f4cb') in 0.066001 seconds
Number of updated asset objects reloaded before import = 0
Number of asset objects unloaded after import = 9
========================================================================
Received Import Request.
  Time since last request: 1.559183 seconds.
  path: Assets/Models/Standard/skull_01_b.fbx
  artifactKey: Guid(e6e90eca46f5e4523a634e59c10184dd) Importer(815301076,1909f56bfc062723c751e8b465ee728b)
Start importing Assets/Models/Standard/skull_01_b.fbx using Guid(e6e90eca46f5e4523a634e59c10184dd) Importer(815301076,1909f56bfc062723c751e8b465ee728b)  -> (artifact id: 'faf83d05add3dcca61583ff1d99c4665') in 0.069361 seconds
Number of updated asset objects reloaded before import = 0
Number of asset objects unloaded after import = 9
========================================================================
Received Import Request.
  Time since last request: 0.637517 seconds.
  path: Assets/Models/Standard/skull_02.fbx
  artifactKey: Guid(4ee01bb4783c84bf18a252d910b2c196) Importer(815301076,1909f56bfc062723c751e8b465ee728b)
Start importing Assets/Models/Standard/skull_02.fbx using Guid(4ee01bb4783c84bf18a252d910b2c196) Importer(815301076,1909f56bfc062723c751e8b465ee728b)  -> (artifact id: '2bc268606ea01c5106a45f9a555b9684') in 0.062051 seconds
Number of updated asset objects reloaded before import = 0
Number of asset objects unloaded after import = 9
========================================================================
Received Import Request.
  Time since last request: 2.138524 seconds.
  path: Assets/Models/Standard/stair_bottom_2_wide.fbx
  artifactKey: Guid(2f0f74f253b28473ca7694766da93eef) Importer(815301076,1909f56bfc062723c751e8b465ee728b)
Start importing Assets/Models/Standard/stair_bottom_2_wide.fbx using Guid(2f0f74f253b28473ca7694766da93eef) Importer(815301076,1909f56bfc062723c751e8b465ee728b)  -> (artifact id: '961313865aa6d6d355b6155505f8657f') in 0.012258 seconds
Number of updated asset objects reloaded before import = 0
Number of asset objects unloaded after import = 9
========================================================================
Received Import Request.
  Time since last request: 1.841695 seconds.
  path: Assets/Models/Standard/skull_02_b.fbx
  artifactKey: Guid(f188b670ab62d4adba24349ddf9d25c0) Importer(815301076,1909f56bfc062723c751e8b465ee728b)
Start importing Assets/Models/Standard/skull_02_b.fbx using Guid(f188b670ab62d4adba24349ddf9d25c0) Importer(815301076,1909f56bfc062723c751e8b465ee728b)  -> (artifact id: 'c0186417060e793cde8496660642616b') in 0.014760 seconds
Number of updated asset objects reloaded before import = 0
Number of asset objects unloaded after import = 9
========================================================================
Received Import Request.
  Time since last request: 25.030794 seconds.
  path: Assets
  artifactKey: Guid(00000000000000001000000000000000) Importer(815301076,1909f56bfc062723c751e8b465ee728b)
Start importing Assets using Guid(00000000000000001000000000000000) Importer(815301076,1909f56bfc062723c751e8b465ee728b)  -> (artifact id: '8a4fe85251aa2e89732c359432baa2c3') in 0.000410 seconds
Number of updated asset objects reloaded before import = 0
Number of asset objects unloaded after import = 0
========================================================================
Received Import Request.
  Time since last request: 7.863406 seconds.
  path: Assets/Materials
  artifactKey: Guid(40f9016fd5e03ce44ad323bdbbfafbae) Importer(815301076,1909f56bfc062723c751e8b465ee728b)
Start importing Assets/Materials using Guid(40f9016fd5e03ce44ad323bdbbfafbae) Importer(815301076,1909f56bfc062723c751e8b465ee728b)  -> (artifact id: 'ba6d31ae1dc905240dc4d592c999c233') in 0.000358 seconds
Number of updated asset objects reloaded before import = 0
Number of asset objects unloaded after import = 0
